生成启动时间为 2012/5/8 12:19:20。
     1>项目“C:\Users\Administrator.TGRQAP6QHVNOH4D\Desktop\hash\hash\hash.vcxproj”在节点 2 上(build 个目标)。
     1>InitializeBuildStatus:
         正在创建“Debug\hash.unsuccessfulbuild”，因为已指定“AlwaysCreate”。
       ClCompile:
         E:\Program Files\Microsoft Visual Studio 10.0\VC\bin\CL.exe /c /ZI /nologo /W3 /WX- /Od /Oy- /D _MBCS /Gm /EHsc /RTC1 /MDd /GS /fp:precise /Zc:wchar_t /Zc:forScope /Fo"Debug\\" /Fd"Debug\vc100.pdb" /Gd /TP /analyze- /errorReport:prompt Manager.cpp
         Manager.cpp
     1>c:\users\administrator.tgrqap6qhvnoh4d\desktop\hash\hash\manager.cpp(15): warning C4996: 'fopen': This function or variable may be unsafe. Consider using fopen_s instead. To disable deprecation, use _CRT_SECURE_NO_WARNINGS. See online help for details.
                 e:\program files\microsoft visual studio 10.0\vc\include\stdio.h(234) : 参见“fopen”的声明
     1>c:\users\administrator.tgrqap6qhvnoh4d\desktop\hash\hash\manager.cpp(19): warning C4996: 'fopen': This function or variable may be unsafe. Consider using fopen_s instead. To disable deprecation, use _CRT_SECURE_NO_WARNINGS. See online help for details.
                 e:\program files\microsoft visual studio 10.0\vc\include\stdio.h(234) : 参见“fopen”的声明
     1>c:\users\administrator.tgrqap6qhvnoh4d\desktop\hash\hash\manager.cpp(22): warning C4996: 'fopen': This function or variable may be unsafe. Consider using fopen_s instead. To disable deprecation, use _CRT_SECURE_NO_WARNINGS. See online help for details.
                 e:\program files\microsoft visual studio 10.0\vc\include\stdio.h(234) : 参见“fopen”的声明
     1>c:\users\administrator.tgrqap6qhvnoh4d\desktop\hash\hash\manager.cpp(191): warning C4018: “<”: 有符号/无符号不匹配
       Link:
         E:\Program Files\Microsoft Visual Studio 10.0\VC\bin\link.exe /ERRORREPORT:PROMPT /OUT:"C:\Users\Administrator.TGRQAP6QHVNOH4D\Desktop\hash\Debug\hash.exe" /NOLOGO kernel32.lib user32.lib gdi32.lib winspool.lib comdlg32.lib advapi32.lib shell32.lib ole32.lib oleaut32.lib uuid.lib odbc32.lib odbccp32.lib /MANIFEST /ManifestFile:"Debug\hash.exe.intermediate.manifest" /MANIFESTUAC:"level='asInvoker' uiAccess='false'" /DEBUG /PDB:"C:\Users\Administrator.TGRQAP6QHVNOH4D\Desktop\hash\Debug\hash.pdb" /TLBID:1 /DYNAMICBASE /NXCOMPAT /IMPLIB:"C:\Users\Administrator.TGRQAP6QHVNOH4D\Desktop\hash\Debug\hash.lib" /MACHINE:X86 Debug\Buffer.obj
         Debug\Catalog.obj
         Debug\Func.obj
         Debug\main.obj
         Debug\Manager.obj
         Debug\Page.obj
         LINK : 没有找到 C:\Users\Administrator.TGRQAP6QHVNOH4D\Desktop\hash\Debug\hash.exe 或上一个增量链接没有生成它；正在执行完全链接
         hash.vcxproj -> C:\Users\Administrator.TGRQAP6QHVNOH4D\Desktop\hash\Debug\hash.exe
       Manifest:
         C:\Program Files\Microsoft SDKs\Windows\v7.0A\bin\mt.exe /nologo /verbose /outputresource:"C:\Users\Administrator.TGRQAP6QHVNOH4D\Desktop\hash\Debug\hash.exe;#1" /manifest Debug\hash.exe.intermediate.manifest
       FinalizeBuildStatus:
         正在删除文件“Debug\hash.unsuccessfulbuild”。
         正在对“Debug\hash.lastbuildstate”执行 Touch 任务。
     1>已完成生成项目“C:\Users\Administrator.TGRQAP6QHVNOH4D\Desktop\hash\hash\hash.vcxproj”(build 个目标)的操作。

生成成功。

已用时间 00:00:02.14
