1|2132|4633|4|28|28955.64|0.09|0.06|N|O|1996-04-21|1996-03-30|1996-05-16|NONE|AIR|lites. fluffily even de|
1|15635|638|6|32|49620.16|0.07|0.02|N|O|1996-01-30|1996-02-07|1996-02-03|DELIVER IN PERSON|MAIL|arefully slyly ex|
1|24027|1534|5|24|22824.48|0.10|0.04|N|O|1996-03-30|1996-03-14|1996-04-01|NONE|FOB| pending foxes. slyly re|
1|63700|3701|3|8|13309.60|0.10|0.02|N|O|1996-01-29|1996-03-05|1996-01-31|TAKE BACK RETURN|REG AIR|riously. regular, express dep|
1|67310|7311|2|36|45983.16|0.09|0.06|N|O|1996-04-12|1996-02-28|1996-04-20|TAKE BACK RETURN|MAIL|ly final dependencies: slyly bold |
1|155190|7706|1|17|21168.23|0.04|0.02|N|O|1996-03-13|1996-02-12|1996-03-22|DELIVER IN PERSON|TRUCK|egular courts above the|
-1
4|88035|5560|1|30|30690.90|0.03|0.08|N|O|1996-01-10|1995-12-14|1996-01-18|DELIVER IN PERSON|REG AIR|- quickly regular packages sleep. idly|
-1
-1
32|2743|7744|4|4|6582.96|0.09|0.03|N|O|1995-08-04|1995-10-01|1995-09-03|NONE|REG AIR|e slyly final pac|
32|11615|4117|6|6|9159.66|0.04|0.03|N|O|1995-07-21|1995-09-23|1995-07-25|COLLECT COD|RAIL| gifts cajole carefully.|
32|44161|6666|3|2|2210.32|0.09|0.02|N|O|1995-08-07|1995-10-07|1995-08-23|DELIVER IN PERSON|AIR| express accounts wake according to the|
32|82704|7721|1|28|47227.60|0.05|0.08|N|O|1995-10-23|1995-08-27|1995-10-26|TAKE BACK RETURN|TRUCK|sleep quickly. req|
32|85811|8320|5|44|79059.64|0.05|0.06|N|O|1995-08-28|1995-08-20|1995-09-14|DELIVER IN PERSON|AIR|symptotes nag according to the ironic depo|
32|197921|441|2|32|64605.44|0.02|0.00|N|O|1995-08-14|1995-10-07|1995-08-27|COLLECT COD|AIR|lithely regular deposits. fluffily |
-1
4707|33590|8597|1|7|10665.13|0.02|0.05|R|F|1995-05-14|1995-04-06|1995-06-06|COLLECT COD|SHIP|ecial sheaves boost blithely accor|
4707|135550|577|2|49|77691.95|0.00|0.07|N|F|1995-06-17|1995-05-16|1995-06-25|COLLECT COD|FOB| alongside of the slyly ironic instructio|
-1
3010|23675|1182|4|28|44762.76|0.09|0.06|N|O|1996-03-05|1996-03-28|1996-04-03|DELIVER IN PERSON|FOB|ake carefully carefully even request|
3010|57050|9556|3|24|24169.20|0.04|0.07|N|O|1996-05-09|1996-03-14|1996-05-15|DELIVER IN PERSON|RAIL|ar, even reques|
3010|91955|1956|6|38|73984.10|0.05|0.07|N|O|1996-04-15|1996-03-16|1996-04-21|DELIVER IN PERSON|RAIL|accounts ar|
3010|103499|3500|5|9|13522.41|0.02|0.02|N|O|1996-04-28|1996-03-17|1996-05-18|NONE|SHIP|inal packages. quickly even pinto|
3010|137941|455|1|23|45515.62|0.04|0.00|N|O|1996-03-08|1996-02-29|1996-03-27|NONE|TRUCK|ounts. pendin|
3010|173015|5533|2|22|23936.22|0.09|0.06|N|O|1996-03-06|1996-04-06|1996-03-18|COLLECT COD|REG AIR| final deposit|
-1
2978|27039|4546|4|7|6762.21|0.00|0.00|N|O|1995-07-18|1995-07-03|1995-07-23|NONE|FOB|. final ideas are blithe|
2978|28403|5910|5|33|43936.20|0.09|0.03|R|F|1995-05-06|1995-07-23|1995-05-16|COLLECT COD|FOB|s. blithely unusual pack|
2978|42972|485|3|26|49789.22|0.07|0.05|N|O|1995-07-29|1995-07-22|1995-08-20|COLLECT COD|REG AIR|as haggle against the carefully express dep|
2978|89697|9698|1|29|48914.01|0.00|0.08|A|F|1995-06-03|1995-07-25|1995-06-06|NONE|SHIP|ecial ideas promise slyly|
2978|126998|9511|2|42|85049.58|0.01|0.06|N|O|1995-08-19|1995-07-18|1995-09-07|DELIVER IN PERSON|MAIL|ial requests nag blithely alongside of th|
2978|167063|9580|6|4|4520.24|0.08|0.04|N|O|1995-07-06|1995-07-31|1995-07-19|COLLECT COD|AIR|ffily unusual |
-1
2789|15982|985|4|47|89205.06|0.02|0.04|N|O|1998-03-29|1998-05-05|1998-04-07|NONE|RAIL|usly busy packages wake against the unusual|
2789|22835|2836|2|41|72071.03|0.02|0.05|N|O|1998-03-20|1998-05-15|1998-03-21|COLLECT COD|MAIL|d packages-- fluffily specia|
2789|132206|7233|7|42|52004.40|0.01|0.00|N|O|1998-04-28|1998-05-17|1998-05-24|TAKE BACK RETURN|AIR|ending packages shoul|
2789|143603|3604|6|16|26345.60|0.07|0.03|N|O|1998-05-11|1998-05-08|1998-05-24|TAKE BACK RETURN|RAIL|d the carefully iron|
2789|162410|9959|1|16|23558.56|0.03|0.02|N|O|1998-04-18|1998-05-25|1998-05-12|DELIVER IN PERSON|REG AIR|o beans use carefully|
2789|175892|927|3|33|64940.37|0.06|0.02|N|O|1998-04-21|1998-05-02|1998-04-30|COLLECT COD|TRUCK|deposits. ironic |
2789|196629|4187|5|23|39689.26|0.02|0.07|N|O|1998-03-25|1998-05-10|1998-04-24|COLLECT COD|RAIL|cording to the careful de|
-1
2530|20319|320|1|9|11153.79|0.09|0.03|R|F|1994-05-10|1994-04-30|1994-05-24|TAKE BACK RETURN|REG AIR|lyly ironic|
2530|92397|9925|2|42|58354.38|0.04|0.08|R|F|1994-03-27|1994-05-20|1994-03-29|NONE|RAIL|ng platelets wake s|
2530|107824|335|3|8|14654.56|0.10|0.08|A|F|1994-05-02|1994-05-08|1994-05-24|DELIVER IN PERSON|MAIL|ial asymptotes snooze slyly regular |
-1
2342|26756|9259|5|22|37020.50|0.08|0.01|N|O|1996-08-10|1996-08-02|1996-08-31|DELIVER IN PERSON|AIR|s. ironic |
2342|35809|5810|4|1|1744.80|0.04|0.06|N|O|1996-08-31|1996-08-09|1996-09-07|DELIVER IN PERSON|REG AIR|ffily. unusual pinto beans wake c|
2342|41169|8682|1|12|13321.92|0.00|0.08|N|O|1996-07-31|1996-07-26|1996-08-14|NONE|TRUCK|print blithely even deposits. carefull|
2342|116462|8974|2|24|35483.04|0.10|0.06|N|O|1996-09-30|1996-07-22|1996-10-28|TAKE BACK RETURN|AIR|nstructions c|
2342|169920|9921|3|50|99496.00|0.10|0.01|N|O|1996-08-28|1996-07-18|1996-09-22|COLLECT COD|RAIL|cial asymptotes pr|
-1
