C:\USERS\ADMINISTRATOR.TGRQAP6QHVNOH4D\DESKTOP\HASH\DEBUG\HASH_NEW.EXE
C:\USERS\ADMINISTRATOR.TGRQAP6QHVNOH4D\DESKTOP\HASH\DEBUG\HASH_NEW.PDB
C:\USERS\ADMINISTRATOR.TGRQAP6QHVNOH4D\DESKTOP\HASH\HASH_NEW\DEBUG\BUFFER.OBJ
C:\USERS\ADMINISTRATOR.TGRQAP6QHVNOH4D\DESKTOP\HASH\HASH_NEW\DEBUG\CATALOG.OBJ
C:\Users\Administrator.TGRQAP6QHVNOH4D\Desktop\hash\hash_new\Debug\cl.command.1.tlog
C:\Users\Administrator.TGRQAP6QHVNOH4D\Desktop\hash\hash_new\Debug\CL.read.1.tlog
C:\Users\Administrator.TGRQAP6QHVNOH4D\Desktop\hash\hash_new\Debug\CL.write.1.tlog
C:\USERS\ADMINISTRATOR.TGRQAP6QHVNOH4D\DESKTOP\HASH\HASH_NEW\DEBUG\FUNC.OBJ
C:\USERS\ADMINISTRATOR.TGRQAP6QHVNOH4D\DESKTOP\HASH\HASH_NEW\DEBUG\HASH_NEW.EXE.INTERMEDIATE.MANIFEST
C:\Users\Administrator.TGRQAP6QHVNOH4D\Desktop\hash\hash_new\Debug\link.command.1.tlog
C:\Users\Administrator.TGRQAP6QHVNOH4D\Desktop\hash\hash_new\Debug\link.read.1.tlog
C:\Users\Administrator.TGRQAP6QHVNOH4D\Desktop\hash\hash_new\Debug\link.write.1.tlog
C:\USERS\ADMINISTRATOR.TGRQAP6QHVNOH4D\DESKTOP\HASH\HASH_NEW\DEBUG\MAIN.OBJ
C:\USERS\ADMINISTRATOR.TGRQAP6QHVNOH4D\DESKTOP\HASH\HASH_NEW\DEBUG\MANAGER.OBJ
C:\Users\Administrator.TGRQAP6QHVNOH4D\Desktop\hash\hash_new\Debug\mt.command.1.tlog
C:\Users\Administrator.TGRQAP6QHVNOH4D\Desktop\hash\hash_new\Debug\mt.read.1.tlog
C:\Users\Administrator.TGRQAP6QHVNOH4D\Desktop\hash\hash_new\Debug\mt.write.1.tlog
C:\USERS\ADMINISTRATOR.TGRQAP6QHVNOH4D\DESKTOP\HASH\HASH_NEW\DEBUG\PAGE.OBJ
C:\Users\Administrator.TGRQAP6QHVNOH4D\Desktop\hash\hash_new\Debug\vc100.idb
C:\USERS\ADMINISTRATOR.TGRQAP6QHVNOH4D\DESKTOP\HASH\HASH_NEW\DEBUG\VC100.PDB
